<?xml version="1.0" encoding="UTF-8"?>
<!-- Generated by org.testng.reporters.JUnitXMLReporter -->
<testsuite ignored="0" hostname="SamirRegmi" failures="0" tests="8" name="Default test" time="0.289" errors="0" timestamp="2022-09-17T10:38:16 PDT">
  <testcase classname="com.TestCases.HomepageLInksTest" name="@BeforeMethod loadBrowser" time="0.013">
    <failure type="java.lang.NullPointerException" message="Cannot invoke &amp;quot;String.equals(Object)&amp;quot; because &amp;quot;browserName&amp;quot; is null">
      <![CDATA[java.lang.NullPointerException: Cannot invoke "String.equals(Object)" because "browserName" is null
at com.TestBase.TestMain.initialization(TestMain.java:36)
at com.TestCases.HomepageLInksTest.loadBrowser(HomepageLInksTest.java:40)
at java.base/jdk.internal.reflect.DirectMethodHandleAccessor.invoke(DirectMethodHandleAccessor.java:104)
at java.base/java.lang.reflect.Method.invoke(Method.java:577)
at org.testng.internal.MethodInvocationHelper.invokeMethod(MethodInvocationHelper.java:133)
at org.testng.internal.MethodInvocationHelper.invokeMethodConsideringTimeout(MethodInvocationHelper.java:62)
at org.testng.internal.ConfigInvoker.invokeConfigurationMethod(ConfigInvoker.java:385)
at org.testng.internal.ConfigInvoker.invokeConfigurations(ConfigInvoker.java:321)
at org.testng.internal.TestInvoker.runConfigMethods(TestInvoker.java:700)
at org.testng.internal.TestInvoker.invokeMethod(TestInvoker.java:527)
at org.testng.internal.TestInvoker.invokeTestMethod(TestInvoker.java:173)
at org.testng.internal.MethodRunner.runInSequence(MethodRunner.java:46)
at org.testng.internal.TestInvoker$MethodInvocationAgent.invoke(TestInvoker.java:824)
at org.testng.internal.TestInvoker.invokeTestMethods(TestInvoker.java:146)
at org.testng.internal.TestMethodWorker.invokeTestMethods(TestMethodWorker.java:146)
at org.testng.internal.TestMethodWorker.run(TestMethodWorker.java:128)
at java.base/java.util.ArrayList.forEach(ArrayList.java:1511)
at org.testng.TestRunner.privateRun(TestRunner.java:794)
at org.testng.TestRunner.run(TestRunner.java:596)
at org.testng.SuiteRunner.runTest(SuiteRunner.java:377)
at org.testng.SuiteRunner.runSequentially(SuiteRunner.java:371)
at org.testng.SuiteRunner.privateRun(SuiteRunner.java:332)
at org.testng.SuiteRunner.run(SuiteRunner.java:276)
at org.testng.SuiteRunnerWorker.runSuite(SuiteRunnerWorker.java:53)
at org.testng.SuiteRunnerWorker.run(SuiteRunnerWorker.java:96)
at org.testng.TestNG.runSuitesSequentially(TestNG.java:1212)
at org.testng.TestNG.runSuitesLocally(TestNG.java:1134)
at org.testng.TestNG.runSuites(TestNG.java:1063)
at org.testng.TestNG.run(TestNG.java:1031)
at org.testng.remote.AbstractRemoteTestNG.run(AbstractRemoteTestNG.java:115)
at org.testng.remote.RemoteTestNG.initAndRun(RemoteTestNG.java:251)
at org.testng.remote.RemoteTestNG.main(RemoteTestNG.java:77)
]]>
    </failure>
  </testcase> <!-- @BeforeMethod loadBrowser -->
  <testcase classname="com.TestCases.HomepageLInksTest" name="@AfterMethod closeBrowser" time="-1.663436296103E9">
    <skipped/>
  </testcase> <!-- @AfterMethod closeBrowser -->
  <testcase classname="com.TestCases.HomepageLInksTest" name="@BeforeMethod loadBrowser" time="-1.663436296107E9">
    <skipped/>
  </testcase> <!-- @BeforeMethod loadBrowser -->
  <testcase classname="com.TestCases.HomepageLInksTest" name="@AfterMethod closeBrowser" time="-1.663436296119E9">
    <skipped/>
  </testcase> <!-- @AfterMethod closeBrowser -->
  <testcase classname="com.TestCases.HomepageLInksTest" name="@BeforeMethod loadBrowser" time="-1.663436296161E9">
    <skipped/>
  </testcase> <!-- @BeforeMethod loadBrowser -->
  <testcase classname="com.TestCases.HomepageLInksTest" name="@AfterMethod closeBrowser" time="-1.66343629618E9">
    <skipped/>
  </testcase> <!-- @AfterMethod closeBrowser -->
  <testcase classname="com.TestCases.HomepageLInksTest" name="@BeforeMethod loadBrowser" time="-1.663436296189E9">
    <skipped/>
  </testcase> <!-- @BeforeMethod loadBrowser -->
  <testcase classname="com.TestCases.HomepageLInksTest" name="@AfterMethod closeBrowser" time="-1.663436296197E9">
    <skipped/>
  </testcase> <!-- @AfterMethod closeBrowser -->
  <testcase classname="com.TestCases.HomepageLInksTest" name="@BeforeMethod loadBrowser" time="-1.663436296198E9">
    <skipped/>
  </testcase> <!-- @BeforeMethod loadBrowser -->
  <testcase classname="com.TestCases.HomepageLInksTest" name="@AfterMethod closeBrowser" time="-1.663436296216E9">
    <skipped/>
  </testcase> <!-- @AfterMethod closeBrowser -->
  <testcase classname="com.TestCases.HomepageLInksTest" name="@BeforeMethod loadBrowser" time="-1.66343629622E9">
    <skipped/>
  </testcase> <!-- @BeforeMethod loadBrowser -->
  <testcase classname="com.TestCases.HomepageLInksTest" name="@AfterMethod closeBrowser" time="-1.66343629624E9">
    <skipped/>
  </testcase> <!-- @AfterMethod closeBrowser -->
  <testcase classname="com.TestCases.HomepageLInksTest" name="@BeforeMethod loadBrowser" time="-1.663436296243E9">
    <skipped/>
  </testcase> <!-- @BeforeMethod loadBrowser -->
  <testcase classname="com.TestCases.HomepageLInksTest" name="@AfterMethod closeBrowser" time="-1.663436296252E9">
    <skipped/>
  </testcase> <!-- @AfterMethod closeBrowser -->
  <testcase classname="com.TestCases.HomepageLInksTest" name="@BeforeMethod loadBrowser" time="-1.663436296256E9">
    <skipped/>
  </testcase> <!-- @BeforeMethod loadBrowser -->
  <testcase classname="com.TestCases.HomepageLInksTest" name="@AfterMethod closeBrowser" time="-1.663436296267E9">
    <skipped/>
  </testcase> <!-- @AfterMethod closeBrowser -->
  <testcase classname="com.TestCases.HomepageLInksTest" name="Car_Rentals_Link_Test" time="0.0">
    <skipped/>
  </testcase> <!-- Car_Rentals_Link_Test -->
  <testcase classname="com.TestCases.HomepageLInksTest" name="Cruises_Link_Test" time="0.0">
    <skipped/>
  </testcase> <!-- Cruises_Link_Test -->
  <testcase classname="com.TestCases.HomepageLInksTest" name="Flight_Link_Test" time="0.0">
    <skipped/>
  </testcase> <!-- Flight_Link_Test -->
  <testcase classname="com.TestCases.HomepageLInksTest" name="Hotels_Link_Test" time="0.0">
    <skipped/>
  </testcase> <!-- Hotels_Link_Test -->
  <testcase classname="com.TestCases.HomepageLInksTest" name="Register_Link_Test" time="0.0">
    <skipped/>
  </testcase> <!-- Register_Link_Test -->
  <testcase classname="com.TestCases.HomepageLInksTest" name="Register_here_Link_Test" time="0.0">
    <skipped/>
  </testcase> <!-- Register_here_Link_Test -->
  <testcase classname="com.TestCases.HomepageLInksTest" name="Support_Link_Test" time="0.0">
    <skipped/>
  </testcase> <!-- Support_Link_Test -->
  <testcase classname="com.TestCases.HomepageLInksTest" name="sign_On_Link_Test" time="0.0">
    <skipped/>
  </testcase> <!-- sign_On_Link_Test -->
</testsuite> <!-- Default test -->
